warning: Git tree '/home/ceedrich/dotfiles' is dirty
building the system configuration...
warning: Git tree '/home/ceedrich/dotfiles' is dirty
these 12 derivations will be built:
  /nix/store/qazxsc0gqczkyyw28ynwhzklcl737ghq-system-path.drv
  /nix/store/abmim76y5ckl52v1g3qvjpzi8vkw5mrw-dbus-1.drv
  /nix/store/27lx76l11das46nsffb1qlslccccb773-X-Restart-Triggers-dbus.drv
  /nix/store/px480maigzk7hx0xf89y9ml8h92bgr4l-unit-dbus.service.drv
  /nix/store/4j6hkdyskdgwfkpci7bz0fnfj68wrisd-user-units.drv
  /nix/store/dy5skzkyfl0gh0wh53zivjid03nx802n-unit-dbus.service.drv
  /nix/store/k5yc9wr2ixcb0s1c1ky9f1hj0y3f7dyd-X-Restart-Triggers-polkit.drv
  /nix/store/w27in99nmjyjpi54nbnnlnx69n709d1j-unit-polkit.service.drv
  /nix/store/yal43h5czlcrxvv0bph4mcxphzb81ckw-unit-accounts-daemon.service.drv
  /nix/store/y511vvcxyf4kxxi564p9czm5p2w8132i-system-units.drv
  /nix/store/5s7irl606xbfrjk0ij2zzccvri5njzkf-etc.drv
  /nix/store/2qkrkqbsvqfp1bk97g2n82zsikdnp8v3-nixos-system-ahsoka-25.11.20260311.0590cd3.drv
building '/nix/store/qazxsc0gqczkyyw28ynwhzklcl737ghq-system-path.drv'...
building '/nix/store/k5yc9wr2ixcb0s1c1ky9f1hj0y3f7dyd-X-Restart-Triggers-polkit.drv'...
building '/nix/store/abmim76y5ckl52v1g3qvjpzi8vkw5mrw-dbus-1.drv'...
building '/nix/store/yal43h5czlcrxvv0bph4mcxphzb81ckw-unit-accounts-daemon.service.drv'...
building '/nix/store/27lx76l11das46nsffb1qlslccccb773-X-Restart-Triggers-dbus.drv'...
building '/nix/store/w27in99nmjyjpi54nbnnlnx69n709d1j-unit-polkit.service.drv'...
building '/nix/store/dy5skzkyfl0gh0wh53zivjid03nx802n-unit-dbus.service.drv'...
building '/nix/store/px480maigzk7hx0xf89y9ml8h92bgr4l-unit-dbus.service.drv'...
building '/nix/store/y511vvcxyf4kxxi564p9czm5p2w8132i-system-units.drv'...
building '/nix/store/4j6hkdyskdgwfkpci7bz0fnfj68wrisd-user-units.drv'...
building '/nix/store/5s7irl606xbfrjk0ij2zzccvri5njzkf-etc.drv'...
building '/nix/store/2qkrkqbsvqfp1bk97g2n82zsikdnp8v3-nixos-system-ahsoka-25.11.20260311.0590cd3.drv'...
stopping the following units: accounts-daemon.service
activating the configuration...
setting up /etc...
reloading user units for ceedrich...
restarting sysinit-reactivation.target
reloading the following units: dbus.service
restarting the following units: polkit.service
starting the following units: accounts-daemon.service
the following new units were started: NetworkManager-dispatcher.service
Done. The new configuration is /nix/store/nfdzrkw59l1jq1l8krrk0ygr26g9h0wa-nixos-system-ahsoka-25.11.20260311.0590cd3
