warning: Git tree '/home/ceedrich/dotfiles' is dirty
building the system configuration...
warning: Git tree '/home/ceedrich/dotfiles' is dirty
trace: Obsolete option `programs.git.delta.enable' is used. It was renamed to `programs.delta.enable'.
these 7 derivations will be built:
  /nix/store/ynlh7qpp4qfni3d02hjfg4l4n5cny0hj-config.yaml.drv
  /nix/store/47bbd4mc6cwrl9gvfid0bn67jpymc4f3-home-manager-files.drv
  /nix/store/s40p3icclvgnbkfz0gix8yy4cmcivqkd-home-manager-generation.drv
  /nix/store/bnhzmdvby31yhs2p85qrffsxlwky8w3r-unit-home-manager-ceedrich.service.drv
  /nix/store/s3mp8m45qz475wi47ps1002n6j6qf85h-system-units.drv
  /nix/store/9h718w1zxwb21wqci8jmcxp4piw9mgrf-etc.drv
  /nix/store/g41d9s3pdrggbbzmb7j1dh2b7fnqj6rc-nixos-system-ahsoka-25.11.20260225.1267bb4.drv
building '/nix/store/ynlh7qpp4qfni3d02hjfg4l4n5cny0hj-config.yaml.drv'...
building '/nix/store/47bbd4mc6cwrl9gvfid0bn67jpymc4f3-home-manager-files.drv'...
building '/nix/store/s40p3icclvgnbkfz0gix8yy4cmcivqkd-home-manager-generation.drv'...
building '/nix/store/bnhzmdvby31yhs2p85qrffsxlwky8w3r-unit-home-manager-ceedrich.service.drv'...
building '/nix/store/s3mp8m45qz475wi47ps1002n6j6qf85h-system-units.drv'...
building '/nix/store/9h718w1zxwb21wqci8jmcxp4piw9mgrf-etc.drv'...
building '/nix/store/g41d9s3pdrggbbzmb7j1dh2b7fnqj6rc-nixos-system-ahsoka-25.11.20260225.1267bb4.drv'...
activating the configuration...
setting up /etc...
reloading user units for ceedrich...
restarting sysinit-reactivation.target
the following new units were started: NetworkManager-dispatcher.service
Done. The new configuration is /nix/store/4jx8xhf4kk76w1vhp3x402ksmsn53hp4-nixos-system-ahsoka-25.11.20260225.1267bb4
